2023-03-14 19:55:59.695 INFO  c.I.InMS.InMSApplication - Starting InMSApplication using Java 17.0.1 with PID 1420 (C:\Users\LAP-4\Documents\web-apps\In-M-S\In-M-S\target\classes started by LAP-4 in C:\Users\LAP-4\Documents\web-apps\In-M-S)
2023-03-14 19:55:59.698 INFO  c.I.InMS.InMSApplication - No active profile set, falling back to 1 default profile: "default"
2023-03-14 19:56:00.308 INFO  o.s.b.w.e.tomcat.TomcatWebServer - Tomcat initialized with port(s): 8080 (http)
2023-03-14 19:56:00.314 INFO  o.a.coyote.http11.Http11NioProtocol - Initializing ProtocolHandler ["http-nio-8080"]
2023-03-14 19:56:00.314 INFO  o.a.catalina.core.StandardService - Starting service [Tomcat]
2023-03-14 19:56:00.314 INFO  o.a.catalina.core.StandardEngine - Starting Servlet engine: [Apache Tomcat/10.1.5]
2023-03-14 19:56:00.398 INFO  o.a.c.c.C.[Tomcat].[localhost].[/] - Initializing Spring embedded WebApplicationContext
2023-03-14 19:56:00.399 INFO  o.s.b.w.s.c.ServletWebServerApplicationContext - Root WebApplicationContext: initialization completed in 654 ms
2023-03-14 19:56:00.659 INFO  o.a.coyote.http11.Http11NioProtocol - Starting ProtocolHandler ["http-nio-8080"]
2023-03-14 19:56:00.673 INFO  o.s.b.w.e.tomcat.TomcatWebServer - Tomcat started on port(s): 8080 (http) with context path ''
2023-03-14 19:56:00.681 INFO  c.I.InMS.InMSApplication - Started InMSApplication in 1.229 seconds (process running for 1.834)
2023-03-14 19:59:26.718 INFO  c.I.InMS.InMSApplication - Starting InMSApplication using Java 17.0.1 with PID 13480 (C:\Users\LAP-4\Documents\web-apps\In-M-S\In-M-S\target\classes started by LAP-4 in C:\Users\LAP-4\Documents\web-apps\In-M-S)
2023-03-14 19:59:26.720 INFO  c.I.InMS.InMSApplication - No active profile set, falling back to 1 default profile: "default"
2023-03-14 19:59:27.371 INFO  o.s.b.w.e.tomcat.TomcatWebServer - Tomcat initialized with port(s): 8080 (http)
2023-03-14 19:59:27.383 INFO  o.a.coyote.http11.Http11NioProtocol - Initializing ProtocolHandler ["http-nio-8080"]
2023-03-14 19:59:27.384 INFO  o.a.catalina.core.StandardService - Starting service [Tomcat]
2023-03-14 19:59:27.384 INFO  o.a.catalina.core.StandardEngine - Starting Servlet engine: [Apache Tomcat/10.1.5]
2023-03-14 19:59:27.512 INFO  o.a.c.c.C.[Tomcat].[localhost].[/] - Initializing Spring embedded WebApplicationContext
2023-03-14 19:59:27.512 INFO  o.s.b.w.s.c.ServletWebServerApplicationContext - Root WebApplicationContext: initialization completed in 755 ms
2023-03-14 19:59:27.787 INFO  o.a.coyote.http11.Http11NioProtocol - Starting ProtocolHandler ["http-nio-8080"]
2023-03-14 19:59:27.801 INFO  o.s.b.w.e.tomcat.TomcatWebServer - Tomcat started on port(s): 8080 (http) with context path ''
2023-03-14 19:59:27.807 INFO  c.I.InMS.InMSApplication - Started InMSApplication in 1.314 seconds (process running for 1.805)
2023-03-14 20:36:55.236 INFO  c.I.InMS.InMSApplication - Starting InMSApplication using Java 17.0.1 with PID 4244 (C:\Users\LAP-4\Documents\web-apps\In-M-S\In-M-S\target\classes started by LAP-4 in C:\Users\LAP-4\Documents\web-apps\In-M-S)
2023-03-14 20:36:55.238 INFO  c.I.InMS.InMSApplication - No active profile set, falling back to 1 default profile: "default"
2023-03-14 20:36:55.833 INFO  o.s.b.w.e.tomcat.TomcatWebServer - Tomcat initialized with port(s): 8080 (http)
2023-03-14 20:36:55.838 INFO  o.a.coyote.http11.Http11NioProtocol - Initializing ProtocolHandler ["http-nio-8080"]
2023-03-14 20:36:55.838 INFO  o.a.catalina.core.StandardService - Starting service [Tomcat]
2023-03-14 20:36:55.838 INFO  o.a.catalina.core.StandardEngine - Starting Servlet engine: [Apache Tomcat/10.1.5]
2023-03-14 20:36:55.892 INFO  o.a.c.c.C.[Tomcat].[localhost].[/] - Initializing Spring embedded WebApplicationContext
2023-03-14 20:36:55.892 INFO  o.s.b.w.s.c.ServletWebServerApplicationContext - Root WebApplicationContext: initialization completed in 605 ms
2023-03-14 20:36:56.126 INFO  o.a.coyote.http11.Http11NioProtocol - Starting ProtocolHandler ["http-nio-8080"]
2023-03-14 20:36:56.138 INFO  o.s.b.w.e.tomcat.TomcatWebServer - Tomcat started on port(s): 8080 (http) with context path ''
2023-03-14 20:36:56.143 INFO  c.I.InMS.InMSApplication - Started InMSApplication in 1.139 seconds (process running for 1.665)
2023-03-14 20:45:55.499 INFO  c.I.InMS.InMSApplication - Starting InMSApplication using Java 17.0.1 with PID 10492 (C:\Users\LAP-4\Documents\web-apps\In-M-S\In-M-S\target\classes started by LAP-4 in C:\Users\LAP-4\Documents\web-apps\In-M-S)
2023-03-14 20:45:55.501 INFO  c.I.InMS.InMSApplication - No active profile set, falling back to 1 default profile: "default"
2023-03-14 20:45:56.080 INFO  o.s.b.w.e.tomcat.TomcatWebServer - Tomcat initialized with port(s): 8080 (http)
2023-03-14 20:45:56.085 INFO  o.a.coyote.http11.Http11NioProtocol - Initializing ProtocolHandler ["http-nio-8080"]
2023-03-14 20:45:56.086 INFO  o.a.catalina.core.StandardService - Starting service [Tomcat]
2023-03-14 20:45:56.086 INFO  o.a.catalina.core.StandardEngine - Starting Servlet engine: [Apache Tomcat/10.1.5]
2023-03-14 20:45:56.145 INFO  o.a.c.c.C.[Tomcat].[localhost].[/] - Initializing Spring embedded WebApplicationContext
2023-03-14 20:45:56.145 INFO  o.s.b.w.s.c.ServletWebServerApplicationContext - Root WebApplicationContext: initialization completed in 599 ms
2023-03-14 20:45:56.376 INFO  o.a.coyote.http11.Http11NioProtocol - Starting ProtocolHandler ["http-nio-8080"]
2023-03-14 20:45:56.393 INFO  o.s.b.w.e.tomcat.TomcatWebServer - Tomcat started on port(s): 8080 (http) with context path ''
2023-03-14 20:45:56.400 INFO  c.I.InMS.InMSApplication - Started InMSApplication in 1.129 seconds (process running for 1.649)
2023-03-14 20:47:16.355 INFO  c.I.InMS.InMSApplication - Starting InMSApplication using Java 17.0.1 with PID 14124 (C:\Users\LAP-4\Documents\web-apps\In-M-S\In-M-S\target\classes started by LAP-4 in C:\Users\LAP-4\Documents\web-apps\In-M-S)
2023-03-14 20:47:16.358 INFO  c.I.InMS.InMSApplication - No active profile set, falling back to 1 default profile: "default"
2023-03-14 20:47:16.940 INFO  o.s.b.w.e.tomcat.TomcatWebServer - Tomcat initialized with port(s): 8080 (http)
2023-03-14 20:47:16.946 INFO  o.a.coyote.http11.Http11NioProtocol - Initializing ProtocolHandler ["http-nio-8080"]
2023-03-14 20:47:16.947 INFO  o.a.catalina.core.StandardService - Starting service [Tomcat]
2023-03-14 20:47:16.947 INFO  o.a.catalina.core.StandardEngine - Starting Servlet engine: [Apache Tomcat/10.1.5]
2023-03-14 20:47:17.002 INFO  o.a.c.c.C.[Tomcat].[localhost].[/] - Initializing Spring embedded WebApplicationContext
2023-03-14 20:47:17.002 INFO  o.s.b.w.s.c.ServletWebServerApplicationContext - Root WebApplicationContext: initialization completed in 599 ms
2023-03-14 20:47:17.244 INFO  o.a.coyote.http11.Http11NioProtocol - Starting ProtocolHandler ["http-nio-8080"]
2023-03-14 20:47:17.261 INFO  o.s.b.w.e.tomcat.TomcatWebServer - Tomcat started on port(s): 8080 (http) with context path ''
2023-03-14 20:47:17.267 INFO  c.I.InMS.InMSApplication - Started InMSApplication in 1.168 seconds (process running for 1.724)
2023-03-14 20:51:03.682 INFO  c.I.InMS.InMSApplication - Starting InMSApplication using Java 17.0.1 with PID 3356 (C:\Users\LAP-4\Documents\web-apps\In-M-S\In-M-S\target\classes started by LAP-4 in C:\Users\LAP-4\Documents\web-apps\In-M-S)
2023-03-14 20:51:03.684 INFO  c.I.InMS.InMSApplication - No active profile set, falling back to 1 default profile: "default"
2023-03-14 20:51:04.268 INFO  o.s.b.w.e.tomcat.TomcatWebServer - Tomcat initialized with port(s): 8080 (http)
2023-03-14 20:51:04.274 INFO  o.a.coyote.http11.Http11NioProtocol - Initializing ProtocolHandler ["http-nio-8080"]
2023-03-14 20:51:04.274 INFO  o.a.catalina.core.StandardService - Starting service [Tomcat]
2023-03-14 20:51:04.274 INFO  o.a.catalina.core.StandardEngine - Starting Servlet engine: [Apache Tomcat/10.1.5]
2023-03-14 20:51:04.328 INFO  o.a.c.c.C.[Tomcat].[localhost].[/] - Initializing Spring embedded WebApplicationContext
2023-03-14 20:51:04.328 INFO  o.s.b.w.s.c.ServletWebServerApplicationContext - Root WebApplicationContext: initialization completed in 600 ms
2023-03-14 20:51:04.568 INFO  o.a.coyote.http11.Http11NioProtocol - Starting ProtocolHandler ["http-nio-8080"]
2023-03-14 20:51:04.585 INFO  o.s.b.w.e.tomcat.TomcatWebServer - Tomcat started on port(s): 8080 (http) with context path ''
2023-03-14 20:51:04.591 INFO  c.I.InMS.InMSApplication - Started InMSApplication in 1.131 seconds (process running for 1.625)
2023-03-14 20:53:16.743 INFO  c.I.InMS.InMSApplication - Starting InMSApplication using Java 17.0.1 with PID 4696 (C:\Users\LAP-4\Documents\web-apps\In-M-S\In-M-S\target\classes started by LAP-4 in C:\Users\LAP-4\Documents\web-apps\In-M-S)
2023-03-14 20:53:16.745 INFO  c.I.InMS.InMSApplication - No active profile set, falling back to 1 default profile: "default"
2023-03-14 20:53:17.357 INFO  o.s.b.w.e.tomcat.TomcatWebServer - Tomcat initialized with port(s): 8080 (http)
2023-03-14 20:53:17.364 INFO  o.a.coyote.http11.Http11NioProtocol - Initializing ProtocolHandler ["http-nio-8080"]
2023-03-14 20:53:17.365 INFO  o.a.catalina.core.StandardService - Starting service [Tomcat]
2023-03-14 20:53:17.365 INFO  o.a.catalina.core.StandardEngine - Starting Servlet engine: [Apache Tomcat/10.1.5]
2023-03-14 20:53:17.422 INFO  o.a.c.c.C.[Tomcat].[localhost].[/] - Initializing Spring embedded WebApplicationContext
2023-03-14 20:53:17.423 INFO  o.s.b.w.s.c.ServletWebServerApplicationContext - Root WebApplicationContext: initialization completed in 630 ms
2023-03-14 20:53:17.666 INFO  o.a.coyote.http11.Http11NioProtocol - Starting ProtocolHandler ["http-nio-8080"]
2023-03-14 20:53:17.677 INFO  o.s.b.w.e.tomcat.TomcatWebServer - Tomcat started on port(s): 8080 (http) with context path ''
2023-03-14 20:53:17.683 INFO  c.I.InMS.InMSApplication - Started InMSApplication in 1.171 seconds (process running for 1.671)
2023-03-14 20:56:15.227 INFO  c.I.InMS.InMSApplication - Starting InMSApplication using Java 17.0.1 with PID 16204 (C:\Users\LAP-4\Documents\web-apps\In-M-S\In-M-S\target\classes started by LAP-4 in C:\Users\LAP-4\Documents\web-apps\In-M-S)
2023-03-14 20:56:15.230 INFO  c.I.InMS.InMSApplication - No active profile set, falling back to 1 default profile: "default"
2023-03-14 20:56:15.856 INFO  o.s.b.w.e.tomcat.TomcatWebServer - Tomcat initialized with port(s): 8080 (http)
2023-03-14 20:56:15.862 INFO  o.a.coyote.http11.Http11NioProtocol - Initializing ProtocolHandler ["http-nio-8080"]
2023-03-14 20:56:15.863 INFO  o.a.catalina.core.StandardService - Starting service [Tomcat]
2023-03-14 20:56:15.863 INFO  o.a.catalina.core.StandardEngine - Starting Servlet engine: [Apache Tomcat/10.1.5]
2023-03-14 20:56:15.925 INFO  o.a.c.c.C.[Tomcat].[localhost].[/] - Initializing Spring embedded WebApplicationContext
2023-03-14 20:56:15.925 INFO  o.s.b.w.s.c.ServletWebServerApplicationContext - Root WebApplicationContext: initialization completed in 644 ms
2023-03-14 20:56:16.169 INFO  o.a.coyote.http11.Http11NioProtocol - Starting ProtocolHandler ["http-nio-8080"]
2023-03-14 20:56:16.181 INFO  o.s.b.w.e.tomcat.TomcatWebServer - Tomcat started on port(s): 8080 (http) with context path ''
2023-03-14 20:56:16.187 INFO  c.I.InMS.InMSApplication - Started InMSApplication in 1.194 seconds (process running for 1.719)
